<?xml version="1.0" encoding="UTF-8"?>
<testng-results ignored="0" total="2" passed="2" failed="0" skipped="0">
  <reporter-output>
  </reporter-output>
  <suite started-at="2025-06-08T20:32:40 IST" name="Playwright Test Suite" finished-at="2025-06-08T20:33:00 IST" duration-ms="19693">
    <groups>
    </groups>
    <test started-at="2025-06-08T20:32:40 IST" name="Sample Test" finished-at="2025-06-08T20:33:00 IST" duration-ms="19693">
      <class name="TestPages.SampleTest">
        <test-method signature="testAmazonTitle()[pri:0, instance:TestPages.SampleTest@29d80d2b]" started-at="2025-06-08T20:32:40 IST" name="testAmazonTitle" finished-at="2025-06-08T20:32:53 IST" duration-ms="12412" status="PASS">
          <reporter-output>
          </reporter-output>
        </test-method> <!-- testAmazonTitle -->
        <test-method signature="testGoogleTitle()[pri:0, instance:TestPages.SampleTest@29d80d2b]" started-at="2025-06-08T20:32:53 IST" name="testGoogleTitle" finished-at="2025-06-08T20:33:00 IST" duration-ms="6448" status="PASS">
          <reporter-output>
          </reporter-output>
        </test-method> <!-- testGoogleTitle -->
      </class> <!-- TestPages.SampleTest -->
    </test> <!-- Sample Test -->
  </suite> <!-- Playwright Test Suite -->
</testng-results>
